<?xml version="1.0" encoding="UTF-8"?>
<!-- Generated by org.testng.reporters.JUnitReportReporter -->
<testsuite hostname="Mayas-MBP.lan" failures="0" tests="2" name="test.BasicValidation" time="0.022" errors="0" timestamp="2023-06-06T19:50:51 EDT" skipped="0">
  <testcase classname="test.BasicValidation" name="pageUrlValidation" time="0.009"/>
  <system-out>
    <![CDATA[Expected url = https://www.facebook.com/
Actual url = https://www.facebook.com/]]>
  </system-out>
  <testcase classname="test.BasicValidation" name="pageTitleValidation" time="0.013"/>
  <system-out>
    <![CDATA[Expected title = Facebook - log in or sign up
Actual title = Facebook - log in or sign up]]>
  </system-out>
</testsuite> <!-- test.BasicValidation -->
