<?xml version="1.0" encoding="UTF-8"?>
<!-- Generated by org.testng.reporters.JUnitReportReporter -->
<testsuite hostname="Mayas-MBP.lan" failures="0" tests="7" name="test.LoginValidationTest" time="1.511" errors="0" timestamp="2023-06-06T19:50:51 EDT" skipped="0">
  <testcase classname="test.LoginValidationTest" name="validUsername" time="0.186"/>
  <system-out/>
  <testcase classname="test.LoginValidationTest" name="invalidUsernameValidPassword" time="0.277"/>
  <system-out/>
  <testcase classname="test.LoginValidationTest" name="blankUserNameblankPassword" time="0.189"/>
  <system-out/>
  <testcase classname="test.LoginValidationTest" name="validUsernameValidPassword" time="0.202"/>
  <system-out/>
  <testcase classname="test.LoginValidationTest" name="invalidUsernameinvalidPassword" time="0.249"/>
  <system-out/>
  <testcase classname="test.LoginValidationTest" name="validPassword" time="0.198"/>
  <system-out/>
  <testcase classname="test.LoginValidationTest" name="validUsernameinvalidPassword" time="0.210"/>
  <system-out/>
</testsuite> <!-- test.LoginValidationTest -->
