<?xml version="1.0" encoding="UTF-8"?>
<!-- Generated by org.testng.reporters.JUnitReportReporter -->
<testsuite hostname="Mayas-MBP" failures="0" tests="8" name="test.BasicValidations" time="0.339" errors="0" timestamp="2023-07-22T22:00:31 EDT" skipped="0">
  <testcase classname="test.BasicValidations" name="pageTitleValidation" time="0.052"/>
  <system-out>
    <![CDATA[Expected Result = Facebook - log in or sign up
Actual Result = Facebook - log in or sign up]]>
  </system-out>
  <testcase classname="test.BasicValidations" name="pageTitleValidation" time="0.029"/>
  <system-out>
    <![CDATA[Expected Result = Facebook - log in or sign up
Actual Result = Facebook - log in or sign up]]>
  </system-out>
  <testcase classname="test.BasicValidations" name="pageTitleValidation" time="0.011"/>
  <system-out>
    <![CDATA[Expected Result = Facebook - log in or sign up
Actual Result = Facebook - log in or sign up]]>
  </system-out>
  <testcase classname="test.BasicValidations" name="pageUrlValidation" time="0.015"/>
  <system-out>
    <![CDATA[Expected Result = https://www.facebook.com/
Actual Result = https://www.facebook.com/]]>
  </system-out>
  <testcase classname="test.BasicValidations" name="pageUrlValidation" time="0.048"/>
  <system-out>
    <![CDATA[Expected Result = https://www.facebook.com/
Actual Result = https://www.facebook.com/]]>
  </system-out>
  <testcase classname="test.BasicValidations" name="pageUrlValidation" time="0.032"/>
  <system-out>
    <![CDATA[Expected Result = https://www.facebook.com/
Actual Result = https://www.facebook.com/]]>
  </system-out>
  <testcase classname="test.BasicValidations" name="pageUrlValidation" time="0.015"/>
  <system-out>
    <![CDATA[Expected Result = https://www.facebook.com/
Actual Result = https://www.facebook.com/]]>
  </system-out>
  <testcase classname="test.BasicValidations" name="pageTitleValidation" time="0.137"/>
  <system-out>
    <![CDATA[Expected Result = Facebook - log in or sign up
Actual Result = Facebook - log in or sign up]]>
  </system-out>
</testsuite> <!-- test.BasicValidations -->
