<?xml version="1.0" encoding="UTF-8"?>
<!-- Generated by org.testng.reporters.JUnitReportReporter -->
<testsuite hostname="Mayas-MBP" failures="0" tests="28" name="test.LoginValidationTest" time="12.653" errors="0" timestamp="2023-07-22T22:00:31 EDT" skipped="0">
  <testcase classname="test.LoginValidationTest" name="invalidUsernameinvalidPassword" time="0.205"/>
  <system-out>
    <![CDATA[From Keyword class]]>
  </system-out>
  <testcase classname="test.LoginValidationTest" name="validUsernameValidPassword" time="1.252"/>
  <system-out>
    <![CDATA[From Keyword class]]>
  </system-out>
  <testcase classname="test.LoginValidationTest" name="validUsername" time="0.117"/>
  <system-out>
    <![CDATA[From Keyword class]]>
  </system-out>
  <testcase classname="test.LoginValidationTest" name="validUsernameinvalidPassword" time="0.163"/>
  <system-out>
    <![CDATA[From Keyword class]]>
  </system-out>
  <testcase classname="test.LoginValidationTest" name="blankUserNameblankPassword" time="0.327"/>
  <system-out>
    <![CDATA[From Keyword class]]>
  </system-out>
  <testcase classname="test.LoginValidationTest" name="invalidUsernameValidPassword" time="0.492"/>
  <system-out>
    <![CDATA[From Keyword class]]>
  </system-out>
  <testcase classname="test.LoginValidationTest" name="invalidUsernameValidPassword" time="0.562"/>
  <system-out>
    <![CDATA[From Keyword class]]>
  </system-out>
  <testcase classname="test.LoginValidationTest" name="validUsernameValidPassword" time="0.437"/>
  <system-out>
    <![CDATA[From Keyword class]]>
  </system-out>
  <testcase classname="test.LoginValidationTest" name="validUsernameinvalidPassword" time="0.326"/>
  <system-out>
    <![CDATA[From Keyword class]]>
  </system-out>
  <testcase classname="test.LoginValidationTest" name="invalidUsernameinvalidPassword" time="0.940"/>
  <system-out>
    <![CDATA[From Keyword class]]>
  </system-out>
  <testcase classname="test.LoginValidationTest" name="validUsername" time="0.430"/>
  <system-out>
    <![CDATA[From Keyword class]]>
  </system-out>
  <testcase classname="test.LoginValidationTest" name="blankUserNameblankPassword" time="0.109"/>
  <system-out>
    <![CDATA[From Keyword class]]>
  </system-out>
  <testcase classname="test.LoginValidationTest" name="blankUserNameblankPassword" time="0.134"/>
  <system-out>
    <![CDATA[From Keyword class]]>
  </system-out>
  <testcase classname="test.LoginValidationTest" name="blankUserNameblankPassword" time="0.396"/>
  <system-out>
    <![CDATA[From Keyword class]]>
  </system-out>
  <testcase classname="test.LoginValidationTest" name="validUsername" time="1.021"/>
  <system-out>
    <![CDATA[From Keyword class]]>
  </system-out>
  <testcase classname="test.LoginValidationTest" name="validUsername" time="0.565"/>
  <system-out>
    <![CDATA[From Keyword class]]>
  </system-out>
  <testcase classname="test.LoginValidationTest" name="invalidUsernameValidPassword" time="0.631"/>
  <system-out>
    <![CDATA[From Keyword class]]>
  </system-out>
  <testcase classname="test.LoginValidationTest" name="invalidUsernameinvalidPassword" time="0.502"/>
  <system-out>
    <![CDATA[From Keyword class]]>
  </system-out>
  <testcase classname="test.LoginValidationTest" name="validPassword" time="0.091"/>
  <system-out>
    <![CDATA[From Keyword class]]>
  </system-out>
  <testcase classname="test.LoginValidationTest" name="validPassword" time="0.565"/>
  <system-out>
    <![CDATA[From Keyword class]]>
  </system-out>
  <testcase classname="test.LoginValidationTest" name="validUsernameinvalidPassword" time="1.027"/>
  <system-out>
    <![CDATA[From Keyword class]]>
  </system-out>
  <testcase classname="test.LoginValidationTest" name="validPassword" time="0.182"/>
  <system-out>
    <![CDATA[From Keyword class]]>
  </system-out>
  <testcase classname="test.LoginValidationTest" name="validUsernameValidPassword" time="0.083"/>
  <system-out>
    <![CDATA[From Keyword class]]>
  </system-out>
  <testcase classname="test.LoginValidationTest" name="invalidUsernameValidPassword" time="0.290"/>
  <system-out>
    <![CDATA[From Keyword class]]>
  </system-out>
  <testcase classname="test.LoginValidationTest" name="validUsernameValidPassword" time="0.361"/>
  <system-out>
    <![CDATA[From Keyword class]]>
  </system-out>
  <testcase classname="test.LoginValidationTest" name="invalidUsernameinvalidPassword" time="0.766"/>
  <system-out>
    <![CDATA[From Keyword class]]>
  </system-out>
  <testcase classname="test.LoginValidationTest" name="validPassword" time="0.279"/>
  <system-out>
    <![CDATA[From Keyword class]]>
  </system-out>
  <testcase classname="test.LoginValidationTest" name="validUsernameinvalidPassword" time="0.400"/>
  <system-out>
    <![CDATA[From Keyword class]]>
  </system-out>
</testsuite> <!-- test.LoginValidationTest -->
