<?xml version="1.0" encoding="UTF-8"?>
<!-- Generated by org.testng.reporters.JUnitReportReporter -->
<testsuite hostname="Mayas-MBP.lan" failures="0" tests="5" name="basic.GroupsExample" time="0.013" errors="0" timestamp="2023-05-14T12:00:41 EDT" skipped="0">
  <testcase classname="basic.GroupsExample" name="tc5" time="0.001"/>
  <system-out/>
  <testcase classname="basic.GroupsExample" name="tc3" time="0.001"/>
  <system-out/>
  <testcase classname="basic.GroupsExample" name="tc2" time="0.001"/>
  <system-out/>
  <testcase classname="basic.GroupsExample" name="tc1" time="0.009"/>
  <system-out/>
  <testcase classname="basic.GroupsExample" name="tc4" time="0.001"/>
  <system-out/>
</testsuite> <!-- basic.GroupsExample -->
