<?xml version="1.0" encoding="UTF-8"?>
<!-- Generated by org.testng.reporters.JUnitReportReporter -->
<testsuite hostname="Mayas-MBP.lan" failures="0" tests="4" name="basic.DataProviderExample" time="0.012" errors="0" timestamp="2023-05-16T22:45:48 EDT" skipped="0">
  <testcase classname="basic.DataProviderExample" name="login" time="0.001"/>
  <system-out>
    <![CDATA[username = 2mai@gmail.com
password = btest1234]]>
  </system-out>
  <testcase classname="basic.DataProviderExample" name="login" time="0.001"/>
  <system-out>
    <![CDATA[username = 1mai@gmail.com
password = ]]>
  </system-out>
  <testcase classname="basic.DataProviderExample" name="login" time="0.001"/>
  <system-out>
    <![CDATA[username =  
password = invalidpass]]>
  </system-out>
  <testcase classname="basic.DataProviderExample" name="login" time="0.009"/>
  <system-out>
    <![CDATA[username = 1mai@gmail.com
password = test1234]]>
  </system-out>
</testsuite> <!-- basic.DataProviderExample -->
