<?xml version="1.0" encoding="UTF-8"?>
<!-- Generated by org.testng.reporters.JUnitReportReporter -->
<testsuite hostname="Mayas-MBP.lan" failures="0" tests="1" name="basic.NewTest" time="0.014" errors="0" timestamp="2023-05-14T11:04:12 EDT" skipped="0">
  <testcase classname="basic.NewTest" name="ts1" time="0.014"/>
  <system-out/>
</testsuite> <!-- basic.NewTest -->
