<?xml version="1.0" encoding="UTF-8"?>
<!-- Generated by org.testng.reporters.JUnitReportReporter -->
<testsuite hostname="Mayas-MBP.lan" failures="0" tests="1" name="basic.TestAttributesExample" time="0.008" errors="0" timestamp="2023-05-14T11:26:16 EDT" skipped="0">
  <testcase classname="basic.TestAttributesExample" name="tc1" time="0.008"/>
  <system-out/>
</testsuite> <!-- basic.TestAttributesExample -->
