<?xml version="1.0" encoding="UTF-8"?>
<!-- Generated by org.testng.reporters.JUnitReportReporter -->
<testsuite hostname="Mayas-MBP.lan" failures="0" tests="5" name="basic.PriorityExample" time="0.015" errors="0" timestamp="2023-05-14T11:21:57 EDT" skipped="0">
  <testcase classname="basic.PriorityExample" name="tc2" time="0.010"/>
  <system-out/>
  <testcase classname="basic.PriorityExample" name="tc4" time="0.002"/>
  <system-out/>
  <testcase classname="basic.PriorityExample" name="tc1" time="0.001"/>
  <system-out/>
  <testcase classname="basic.PriorityExample" name="tc3" time="0.001"/>
  <system-out/>
  <testcase classname="basic.PriorityExample" name="tc5" time="0.001"/>
  <system-out/>
</testsuite> <!-- basic.PriorityExample -->
