<?xml version="1.0" encoding="UTF-8"?>
<!-- Generated by org.testng.reporters.JUnitReportReporter -->
<testsuite hostname="Mayas-MBP.lan" failures="0" tests="2" name="basic.ParameterExample" time="0.010" errors="0" timestamp="2023-05-14T13:19:59 EDT" skipped="0">
  <testcase classname="basic.ParameterExample" name="validUserNameValidPassowrd" time="0.001"/>
  <system-out>
    <![CDATA[username = my23may
password = 9999999]]>
  </system-out>
  <testcase classname="basic.ParameterExample" name="invalidUserNameinValidPassowrd" time="0.009"/>
  <system-out>
    <![CDATA[username = 1my23may
password = 19999999]]>
  </system-out>
</testsuite> <!-- basic.ParameterExample -->
