<?xml version="1.0" encoding="UTF-8"?>
<!-- Generated by org.testng.reporters.JUnitReportReporter -->
<testsuite hostname="Mayas-MBP.lan" failures="0" tests="2" name="basic.AllAnnotations" time="0.015" errors="0" timestamp="2023-05-14T11:10:47 EDT" skipped="0">
  <testcase classname="basic.AllAnnotations" name="tc2" time="0.001"/>
  <system-out/>
  <testcase classname="basic.AllAnnotations" name="tc1" time="0.014"/>
  <system-out/>
</testsuite> <!-- basic.AllAnnotations -->
