<?xml version="1.0" encoding="UTF-8"?>
<!-- Generated by org.testng.reporters.JUnitReportReporter -->
<testsuite hostname="Mayas-MBP.lan" failures="0" tests="3" name="basic.DependsOnMethod" time="0.010" errors="0" timestamp="2023-05-14T11:37:50 EDT" skipped="0">
  <testcase classname="basic.DependsOnMethod" name="createUser" time="0.008"/>
  <system-out/>
  <testcase classname="basic.DependsOnMethod" name="deleteUser" time="0.001"/>
  <system-out/>
  <testcase classname="basic.DependsOnMethod" name="updateUser" time="0.001"/>
  <system-out/>
</testsuite> <!-- basic.DependsOnMethod -->
