<?xml version="1.0" encoding="UTF-8"?>
<!-- Generated by org.testng.reporters.JUnitReportReporter -->
<testsuite hostname="Mayas-MBP.lan" failures="0" tests="3" name="basic.ParallelExample" time="0.033" errors="0" timestamp="2023-05-16T23:34:01 EDT" skipped="0">
  <testcase classname="basic.ParallelExample" name="tc1" time="0.011"/>
  <system-out/>
  <testcase classname="basic.ParallelExample" name="tc1" time="0.011"/>
  <system-out/>
  <testcase classname="basic.ParallelExample" name="tc1" time="0.011"/>
  <system-out/>
</testsuite> <!-- basic.ParallelExample -->
