<?xml version="1.0" encoding="UTF-8"?>
<!-- Generated by org.testng.reporters.JUnitReportReporter -->
<testsuite hostname="Mayas-MBP.lan" failures="0" tests="2" name="basic.EnabledExample" time="0.009" errors="0" timestamp="2023-05-14T11:30:33 EDT" skipped="1">
  <testcase classname="basic.EnabledExample" name="tc2" time="0.009"/>
  <system-out/>
  <testcase classname="basic.EnabledExample" name="tc1">
    <skipped/>
  </testcase> <!-- tc1 -->
  <system-out/>
</testsuite> <!-- basic.EnabledExample -->
